[0.339s] Invoking command in '/home/kayttaja/own_package_ws/src/first_pkg_py': PYTHONPATH=/home/kayttaja/own_package_ws/build/first_pkg_py/prefix_override:/usr/lib/python3/dist-packages/colcon_core/task/python/colcon_distutils_commands:/home/kayttaja/own_package_ws/install/first_pkg_py/lib/python3.10/site-packages:${PYTHONPATH} /usr/bin/python3 -W ignore:setup.py install is deprecated setup.py egg_info --egg-base ../../build/first_pkg_py build --build-base /home/kayttaja/own_package_ws/build/first_pkg_py/build install --record /home/kayttaja/own_package_ws/build/first_pkg_py/install.log --single-version-externally-managed install_data
[0.458s] running egg_info
[0.459s] writing ../../build/first_pkg_py/first_pkg_py.egg-info/PKG-INFO
[0.459s] writing dependency_links to ../../build/first_pkg_py/first_pkg_py.egg-info/dependency_links.txt
[0.459s] writing entry points to ../../build/first_pkg_py/first_pkg_py.egg-info/entry_points.txt
[0.459s] writing requirements to ../../build/first_pkg_py/first_pkg_py.egg-info/requires.txt
[0.459s] writing top-level names to ../../build/first_pkg_py/first_pkg_py.egg-info/top_level.txt
[0.459s] reading manifest file '../../build/first_pkg_py/first_pkg_py.egg-info/SOURCES.txt'
[0.467s] writing manifest file '../../build/first_pkg_py/first_pkg_py.egg-info/SOURCES.txt'
[0.467s] running build
[0.467s] running build_py
[0.467s] copying first_pkg_py/first_node.py -> /home/kayttaja/own_package_ws/build/first_pkg_py/build/lib/first_pkg_py
[0.467s] creating /home/kayttaja/own_package_ws/build/first_pkg_py/build/lib/scripts
[0.467s] copying scripts/__init__.py -> /home/kayttaja/own_package_ws/build/first_pkg_py/build/lib/scripts
[0.467s] running install
[0.467s] running install_lib
[0.468s] copying /home/kayttaja/own_package_ws/build/first_pkg_py/build/lib/first_pkg_py/first_node.py -> /home/kayttaja/own_package_ws/install/first_pkg_py/lib/python3.10/site-packages/first_pkg_py
[0.468s] creating /home/kayttaja/own_package_ws/install/first_pkg_py/lib/python3.10/site-packages/scripts
[0.468s] copying /home/kayttaja/own_package_ws/build/first_pkg_py/build/lib/scripts/__init__.py -> /home/kayttaja/own_package_ws/install/first_pkg_py/lib/python3.10/site-packages/scripts
[0.468s] byte-compiling /home/kayttaja/own_package_ws/install/first_pkg_py/lib/python3.10/site-packages/first_pkg_py/first_node.py to first_node.cpython-310.pyc
[0.468s] byte-compiling /home/kayttaja/own_package_ws/install/first_pkg_py/lib/python3.10/site-packages/scripts/__init__.py to __init__.cpython-310.pyc
[0.469s]   File "/home/kayttaja/own_package_ws/install/first_pkg_py/lib/python3.10/site-packages/first_pkg_py/first_node.py", line 5
[0.469s]     from 
[0.469s]          ^
[0.469s] SyntaxError: invalid syntax
[0.469s] 
[0.469s] running install_data
[0.469s] running install_egg_info
[0.469s] removing '/home/kayttaja/own_package_ws/install/first_pkg_py/lib/python3.10/site-packages/first_pkg_py-0.0.1-py3.10.egg-info' (and everything under it)
[0.470s] Copying ../../build/first_pkg_py/first_pkg_py.egg-info to /home/kayttaja/own_package_ws/install/first_pkg_py/lib/python3.10/site-packages/first_pkg_py-0.0.1-py3.10.egg-info
[0.470s] running install_scripts
[0.482s] Installing first_node script to /home/kayttaja/own_package_ws/install/first_pkg_py/lib/first_pkg_py
[0.482s] writing list of installed files to '/home/kayttaja/own_package_ws/build/first_pkg_py/install.log'
[0.495s] Invoked command in '/home/kayttaja/own_package_ws/src/first_pkg_py' returned '0': PYTHONPATH=/home/kayttaja/own_package_ws/build/first_pkg_py/prefix_override:/usr/lib/python3/dist-packages/colcon_core/task/python/colcon_distutils_commands:/home/kayttaja/own_package_ws/install/first_pkg_py/lib/python3.10/site-packages:${PYTHONPATH} /usr/bin/python3 -W ignore:setup.py install is deprecated setup.py egg_info --egg-base ../../build/first_pkg_py build --build-base /home/kayttaja/own_package_ws/build/first_pkg_py/build install --record /home/kayttaja/own_package_ws/build/first_pkg_py/install.log --single-version-externally-managed install_data
