running egg_info
creating ../../build/first_pkg_py/first_pkg_py.egg-info
writing ../../build/first_pkg_py/first_pkg_py.egg-info/PKG-INFO
writing dependency_links to ../../build/first_pkg_py/first_pkg_py.egg-info/dependency_links.txt
writing entry points to ../../build/first_pkg_py/first_pkg_py.egg-info/entry_points.txt
writing requirements to ../../build/first_pkg_py/first_pkg_py.egg-info/requires.txt
writing top-level names to ../../build/first_pkg_py/first_pkg_py.egg-info/top_level.txt
writing manifest file '../../build/first_pkg_py/first_pkg_py.egg-info/SOURCES.txt'
reading manifest file '../../build/first_pkg_py/first_pkg_py.egg-info/SOURCES.txt'
writing manifest file '../../build/first_pkg_py/first_pkg_py.egg-info/SOURCES.txt'
running build
running build_py
creating /home/kayttaja/own_package_ws/build/first_pkg_py/build
creating /home/kayttaja/own_package_ws/build/first_pkg_py/build/lib
creating /home/kayttaja/own_package_ws/build/first_pkg_py/build/lib/first_pkg_py
copying first_pkg_py/first_node.py -> /home/kayttaja/own_package_ws/build/first_pkg_py/build/lib/first_pkg_py
copying first_pkg_py/__init__.py -> /home/kayttaja/own_package_ws/build/first_pkg_py/build/lib/first_pkg_py
running install
running install_lib
creating /home/kayttaja/own_package_ws/install/first_pkg_py/lib/python3.10/site-packages/first_pkg_py
copying /home/kayttaja/own_package_ws/build/first_pkg_py/build/lib/first_pkg_py/first_node.py -> /home/kayttaja/own_package_ws/install/first_pkg_py/lib/python3.10/site-packages/first_pkg_py
copying /home/kayttaja/own_package_ws/build/first_pkg_py/build/lib/first_pkg_py/__init__.py -> /home/kayttaja/own_package_ws/install/first_pkg_py/lib/python3.10/site-packages/first_pkg_py
byte-compiling /home/kayttaja/own_package_ws/install/first_pkg_py/lib/python3.10/site-packages/first_pkg_py/first_node.py to first_node.cpython-310.pyc
byte-compiling /home/kayttaja/own_package_ws/install/first_pkg_py/lib/python3.10/site-packages/first_pkg_py/__init__.py to __init__.cpython-310.pyc
running install_data
creating /home/kayttaja/own_package_ws/install/first_pkg_py/share/ament_index
creating /home/kayttaja/own_package_ws/install/first_pkg_py/share/ament_index/resource_index
creating /home/kayttaja/own_package_ws/install/first_pkg_py/share/ament_index/resource_index/packages
copying resource/first_pkg_py -> /home/kayttaja/own_package_ws/install/first_pkg_py/share/ament_index/resource_index/packages
copying package.xml -> /home/kayttaja/own_package_ws/install/first_pkg_py/share/first_pkg_py
running install_egg_info
Copying ../../build/first_pkg_py/first_pkg_py.egg-info to /home/kayttaja/own_package_ws/install/first_pkg_py/lib/python3.10/site-packages/first_pkg_py-0.0.0-py3.10.egg-info
running install_scripts
Installing first_node script to /home/kayttaja/own_package_ws/install/first_pkg_py/lib/first_pkg_py
writing list of installed files to '/home/kayttaja/own_package_ws/build/first_pkg_py/install.log'
