[0.377s] Invoking command in '/home/kayttaja/own_package_ws/src/first_pkg_py': PYTHONPATH=/home/kayttaja/own_package_ws/build/first_pkg_py/prefix_override:/usr/lib/python3/dist-packages/colcon_core/task/python/colcon_distutils_commands:/home/kayttaja/own_package_ws/install/first_pkg_py/lib/python3.10/site-packages:${PYTHONPATH} /usr/bin/python3 -W ignore:setup.py install is deprecated setup.py egg_info --egg-base ../../build/first_pkg_py build --build-base /home/kayttaja/own_package_ws/build/first_pkg_py/build install --record /home/kayttaja/own_package_ws/build/first_pkg_py/install.log --single-version-externally-managed install_data
[0.516s] running egg_info
[0.517s] creating ../../build/first_pkg_py/first_pkg_py.egg-info
[0.517s] writing ../../build/first_pkg_py/first_pkg_py.egg-info/PKG-INFO
[0.517s] writing dependency_links to ../../build/first_pkg_py/first_pkg_py.egg-info/dependency_links.txt
[0.517s] writing entry points to ../../build/first_pkg_py/first_pkg_py.egg-info/entry_points.txt
[0.517s] writing requirements to ../../build/first_pkg_py/first_pkg_py.egg-info/requires.txt
[0.517s] writing top-level names to ../../build/first_pkg_py/first_pkg_py.egg-info/top_level.txt
[0.517s] writing manifest file '../../build/first_pkg_py/first_pkg_py.egg-info/SOURCES.txt'
[0.518s] reading manifest file '../../build/first_pkg_py/first_pkg_py.egg-info/SOURCES.txt'
[0.518s] writing manifest file '../../build/first_pkg_py/first_pkg_py.egg-info/SOURCES.txt'
[0.518s] running build
[0.518s] running build_py
[0.519s] creating /home/kayttaja/own_package_ws/build/first_pkg_py/build
[0.519s] creating /home/kayttaja/own_package_ws/build/first_pkg_py/build/lib
[0.519s] creating /home/kayttaja/own_package_ws/build/first_pkg_py/build/lib/first_pkg_py
[0.519s] copying first_pkg_py/first_node.py -> /home/kayttaja/own_package_ws/build/first_pkg_py/build/lib/first_pkg_py
[0.519s] copying first_pkg_py/__init__.py -> /home/kayttaja/own_package_ws/build/first_pkg_py/build/lib/first_pkg_py
[0.519s] running install
[0.519s] running install_lib
[0.519s] creating /home/kayttaja/own_package_ws/install/first_pkg_py/lib/python3.10/site-packages/first_pkg_py
[0.520s] copying /home/kayttaja/own_package_ws/build/first_pkg_py/build/lib/first_pkg_py/first_node.py -> /home/kayttaja/own_package_ws/install/first_pkg_py/lib/python3.10/site-packages/first_pkg_py
[0.520s] copying /home/kayttaja/own_package_ws/build/first_pkg_py/build/lib/first_pkg_py/__init__.py -> /home/kayttaja/own_package_ws/install/first_pkg_py/lib/python3.10/site-packages/first_pkg_py
[0.520s] byte-compiling /home/kayttaja/own_package_ws/install/first_pkg_py/lib/python3.10/site-packages/first_pkg_py/first_node.py to first_node.cpython-310.pyc
[0.520s] byte-compiling /home/kayttaja/own_package_ws/install/first_pkg_py/lib/python3.10/site-packages/first_pkg_py/__init__.py to __init__.cpython-310.pyc
[0.520s] running install_data
[0.520s] creating /home/kayttaja/own_package_ws/install/first_pkg_py/share/ament_index
[0.520s] creating /home/kayttaja/own_package_ws/install/first_pkg_py/share/ament_index/resource_index
[0.520s] creating /home/kayttaja/own_package_ws/install/first_pkg_py/share/ament_index/resource_index/packages
[0.520s] copying resource/first_pkg_py -> /home/kayttaja/own_package_ws/install/first_pkg_py/share/ament_index/resource_index/packages
[0.520s] copying package.xml -> /home/kayttaja/own_package_ws/install/first_pkg_py/share/first_pkg_py
[0.521s] running install_egg_info
[0.522s] Copying ../../build/first_pkg_py/first_pkg_py.egg-info to /home/kayttaja/own_package_ws/install/first_pkg_py/lib/python3.10/site-packages/first_pkg_py-0.0.0-py3.10.egg-info
[0.523s] running install_scripts
[0.549s] Installing first_node script to /home/kayttaja/own_package_ws/install/first_pkg_py/lib/first_pkg_py
[0.549s] writing list of installed files to '/home/kayttaja/own_package_ws/build/first_pkg_py/install.log'
[0.564s] Invoked command in '/home/kayttaja/own_package_ws/src/first_pkg_py' returned '0': PYTHONPATH=/home/kayttaja/own_package_ws/build/first_pkg_py/prefix_override:/usr/lib/python3/dist-packages/colcon_core/task/python/colcon_distutils_commands:/home/kayttaja/own_package_ws/install/first_pkg_py/lib/python3.10/site-packages:${PYTHONPATH} /usr/bin/python3 -W ignore:setup.py install is deprecated setup.py egg_info --egg-base ../../build/first_pkg_py build --build-base /home/kayttaja/own_package_ws/build/first_pkg_py/build install --record /home/kayttaja/own_package_ws/build/first_pkg_py/install.log --single-version-externally-managed install_data
