[0.316s] Invoking command in '/home/kayttaja/own_package_ws/src/first_pkg_py': PYTHONPATH=/home/kayttaja/own_package_ws/build/first_pkg_py/prefix_override:/usr/lib/python3/dist-packages/colcon_core/task/python/colcon_distutils_commands:/home/kayttaja/own_package_ws/install/first_pkg_py/lib/python3.10/site-packages:${PYTHONPATH} /usr/bin/python3 -W ignore:setup.py install is deprecated setup.py egg_info --egg-base ../../build/first_pkg_py build --build-base /home/kayttaja/own_package_ws/build/first_pkg_py/build install --record /home/kayttaja/own_package_ws/build/first_pkg_py/install.log --single-version-externally-managed install_data
[0.439s] running egg_info
[0.439s] writing ../../build/first_pkg_py/first_pkg_py.egg-info/PKG-INFO
[0.439s] writing dependency_links to ../../build/first_pkg_py/first_pkg_py.egg-info/dependency_links.txt
[0.439s] writing entry points to ../../build/first_pkg_py/first_pkg_py.egg-info/entry_points.txt
[0.439s] writing requirements to ../../build/first_pkg_py/first_pkg_py.egg-info/requires.txt
[0.439s] writing top-level names to ../../build/first_pkg_py/first_pkg_py.egg-info/top_level.txt
[0.440s] reading manifest file '../../build/first_pkg_py/first_pkg_py.egg-info/SOURCES.txt'
[0.440s] writing manifest file '../../build/first_pkg_py/first_pkg_py.egg-info/SOURCES.txt'
[0.440s] running build
[0.440s] running build_py
[0.441s] copying first_pkg_py/first_node.py -> /home/kayttaja/own_package_ws/build/first_pkg_py/build/lib/first_pkg_py
[0.441s] running install
[0.441s] running install_lib
[0.441s] copying /home/kayttaja/own_package_ws/build/first_pkg_py/build/lib/first_pkg_py/first_node.py -> /home/kayttaja/own_package_ws/install/first_pkg_py/lib/python3.10/site-packages/first_pkg_py
[0.442s] byte-compiling /home/kayttaja/own_package_ws/install/first_pkg_py/lib/python3.10/site-packages/first_pkg_py/first_node.py to first_node.cpython-310.pyc
[0.442s] running install_data
[0.442s] running install_egg_info
[0.443s] removing '/home/kayttaja/own_package_ws/install/first_pkg_py/lib/python3.10/site-packages/first_pkg_py-0.0.1-py3.10.egg-info' (and everything under it)
[0.443s] Copying ../../build/first_pkg_py/first_pkg_py.egg-info to /home/kayttaja/own_package_ws/install/first_pkg_py/lib/python3.10/site-packages/first_pkg_py-0.0.1-py3.10.egg-info
[0.444s] running install_scripts
[0.464s] Installing first_node script to /home/kayttaja/own_package_ws/install/first_pkg_py/lib/first_pkg_py
[0.464s] writing list of installed files to '/home/kayttaja/own_package_ws/build/first_pkg_py/install.log'
[0.477s] Invoked command in '/home/kayttaja/own_package_ws/src/first_pkg_py' returned '0': PYTHONPATH=/home/kayttaja/own_package_ws/build/first_pkg_py/prefix_override:/usr/lib/python3/dist-packages/colcon_core/task/python/colcon_distutils_commands:/home/kayttaja/own_package_ws/install/first_pkg_py/lib/python3.10/site-packages:${PYTHONPATH} /usr/bin/python3 -W ignore:setup.py install is deprecated setup.py egg_info --egg-base ../../build/first_pkg_py build --build-base /home/kayttaja/own_package_ws/build/first_pkg_py/build install --record /home/kayttaja/own_package_ws/build/first_pkg_py/install.log --single-version-externally-managed install_data
